[2019-02-17 17:48:58] slim-app.INFO: Runtime Error occurred [] {"uid":"eff809a"}
[2019-02-17 17:49:01] slim-app.INFO: Runtime Error occurred [] {"uid":"2470957"}
[2019-02-17 17:50:12] slim-app.INFO: Runtime Error occurred [] {"uid":"45d55c6"}
[2019-02-17 17:55:39] slim-app.INFO: Runtime Error occurred [] {"uid":"ee45c97"}
[2019-02-17 18:08:25] slim-app.INFO: Runtime Error occurred [] {"uid":"f77e002"}
[2019-02-17 18:12:28] slim-app.INFO: Runtime Error occurred [] {"uid":"28ba2e9"}
[2019-02-17 18:14:01] slim-app.INFO: Runtime Error occurred [] {"uid":"b7ee083"}
[2019-02-17 18:17:12] slim-app.INFO: Runtime Error occurred [] {"uid":"8b60a7f"}
[2019-02-17 18:17:47] slim-app.INFO: Runtime Error occurred [] {"uid":"59152dc"}
[2019-02-17 18:18:05] slim-app.INFO: Runtime Error occurred [] {"uid":"9ab7a44"}
[2019-02-17 18:19:20] slim-app.INFO: Runtime Error occurred [] {"uid":"27a5767"}
[2019-02-17 18:20:06] slim-app.INFO: Runtime Error occurred [] {"uid":"0a6b507"}
[2019-02-17 18:21:52] slim-app.INFO: Runtime Error occurred [] {"uid":"bf93eb7"}
[2019-02-17 18:22:52] slim-app.INFO: Runtime Error occurred [] {"uid":"ffa238b"}
[2019-02-17 18:26:06] slim-app.INFO: Runtime Error occurred [] {"uid":"8e0ec2a"}
[2019-02-17 18:26:25] slim-app.INFO: Runtime Error occurred [] {"uid":"867bce4"}
[2019-02-17 18:27:54] slim-app.INFO: Runtime Error occurred [] {"uid":"f6d5d45"}
[2019-02-17 18:30:32] slim-app.INFO: Runtime Error occurred [] {"uid":"f41e341"}
[2019-02-17 18:31:23] slim-app.INFO: Runtime Error occurred [] {"uid":"3fbc734"}
[2019-02-17 18:32:05] slim-app.INFO: Page not found [] {"uid":"0c386b2"}
[2019-02-17 18:32:28] slim-app.INFO: Method not allowed [] {"uid":"ee37e1c"}
[2019-02-17 18:33:55] slim-app.INFO: Runtime Error occurred [] {"uid":"6a81ffc"}
[2019-02-17 18:39:01] slim-app.INFO: Runtime Error occurred [] {"uid":"e0973a3"}
[2019-02-17 18:39:14] slim-app.INFO: Runtime Error occurred [] {"uid":"334c084"}
[2019-02-17 18:39:29] slim-app.INFO: Runtime Error occurred [] {"uid":"46b4435"}
[2019-02-17 18:39:31] slim-app.INFO: Runtime Error occurred [] {"uid":"694a8bd"}
[2019-02-17 18:40:45] slim-app.INFO: Runtime Error occurred [] {"uid":"228437f"}
[2019-02-17 18:41:42] slim-app.INFO: Runtime Error occurred [] {"uid":"13d89ec"}
[2019-02-17 18:42:21] slim-app.INFO: Runtime Error occurred [] {"uid":"f8a4146"}
[2019-02-18 06:12:52] slim-app.INFO: Method not allowed [] {"uid":"b7973b2"}
[2019-02-18 09:31:23] slim-app.INFO: Page not found [] {"uid":"205df4a"}
[2019-02-18 09:31:32] slim-app.INFO: Page not found [] {"uid":"663b86c"}
[2019-02-18 09:31:43] slim-app.INFO: Page not found [] {"uid":"5e18741"}
[2019-02-18 09:32:10] slim-app.INFO: Page not found [] {"uid":"a6c85a2"}
[2019-02-18 15:59:56] slim-app.INFO: Method not allowed [] {"uid":"c52ab02"}
[2019-02-18 18:38:37] slim-app.INFO: in test/echo [] {"uid":"9aa4d72"}
[2019-02-18 18:39:25] slim-app.INFO: in test/echo [] {"uid":"44dcb74"}
[2019-02-18 18:45:19] slim-app.INFO: in test/echo [] {"uid":"f8a4ee2"}
[2019-02-18 18:45:30] slim-app.INFO: in test/echo [] {"uid":"bda5f21"}
[2019-02-18 18:45:43] slim-app.INFO: in test/echo [] {"uid":"5abb29b"}
[2019-02-18 18:46:27] slim-app.INFO: in test/echo [] {"uid":"933b030"}
[2019-02-18 18:46:29] slim-app.INFO: in test/echo [] {"uid":"7ddc277"}
[2019-02-19 15:57:21] slim-app.INFO: in test/echo [] {"uid":"761e38e"}
[2019-02-24 15:53:55] slim-app.INFO: Page not found [] {"uid":"7b6c1e8"}
[2019-02-24 15:58:58] slim-app.INFO: Page not found [] {"uid":"0e84a8e"}
[2019-02-24 16:00:41] slim-app.INFO: Page not found [] {"uid":"e710fc1"}
[2019-02-24 16:01:00] slim-app.INFO: Page not found [] {"uid":"eb39c39"}
[2019-02-24 16:01:32] slim-app.INFO: Page not found [] {"uid":"96b9660"}
[2019-02-24 16:03:25] slim-app.INFO: Page not found [] {"uid":"278a37d"}
[2019-02-24 16:08:54] slim-app.INFO: Page not found [] {"uid":"3f7f9cb"}
[2019-02-24 16:20:03] slim-app.INFO: Page not found [] {"uid":"6f374b9"}
[2019-02-24 16:22:06] slim-app.INFO: Page not found [] {"uid":"8da555d"}
[2019-02-24 16:22:36] slim-app.INFO: Page not found [] {"uid":"7f02354"}
[2019-02-24 16:25:07] slim-app.INFO: Page not found [] {"uid":"0b2abc4"}
[2019-02-24 16:29:00] slim-app.INFO: Page not found [] {"uid":"469a824"}
[2019-02-24 16:35:12] slim-app.INFO: Page not found [] {"uid":"ba0ecff"}
[2019-02-24 17:32:19] slim-app.INFO: Page not found [] {"uid":"e55aba4"}
[2019-02-24 17:57:12] slim-app.INFO: Page not found [] {"uid":"d14f019"}
[2019-02-24 17:58:39] slim-app.INFO: Page not found [] {"uid":"65cc7aa"}
[2019-02-24 18:00:02] slim-app.INFO: Page not found [] {"uid":"00e794f"}
[2019-02-24 18:00:14] slim-app.INFO: Page not found [] {"uid":"f0f68ef"}
[2019-02-24 18:00:47] slim-app.INFO: Page not found [] {"uid":"31fe29b"}
[2019-02-24 18:00:51] slim-app.INFO: Page not found [] {"uid":"c839582"}
[2019-02-24 18:11:36] slim-app.INFO: Page not found [] {"uid":"0755e0d"}
[2019-02-24 18:11:57] slim-app.INFO: Page not found [] {"uid":"2a005d3"}
[2019-06-06 05:43:36] slim-app.INFO: PHP Error occurred [] {"uid":"414239d"}
[2019-06-06 05:58:17] slim-app.INFO: PHP Error occurred [] {"uid":"bddda51"}
[2019-06-06 05:58:59] slim-app.INFO: PHP Error occurred [] {"uid":"743267b"}
